<?xml version="1.0" encoding="UTF-8"?>
<testng-results ignored="0" total="3" passed="3" failed="0" skipped="0">
  <reporter-output>
  </reporter-output>
  <suite started-at="2024-03-19T18:56:12 CDT" name="Default suite" finished-at="2024-03-19T18:56:37 CDT" duration-ms="25760">
    <groups>
      <group name="cucumber">
        <method signature="AbstractTestNGCucumberTests.runScenario(io.cucumber.testng.PickleWrapper,io.cucumber.testng.FeatureWrapper)[pri:0, instance:com.automation.runners.SalesForceRunner@8f2ef19]" name="runScenario" class="io.cucumber.testng.AbstractTestNGCucumberTests"/>
      </group> <!-- cucumber -->
    </groups>
    <test started-at="2024-03-19T18:56:12 CDT" name="Default test" finished-at="2024-03-19T18:56:37 CDT" duration-ms="25760">
      <class name="com.automation.runners.SalesForceRunner">
        <test-method is-config="true" signature="setUpClass(org.testng.ITestContext)[pri:0, instance:com.automation.runners.SalesForceRunner@8f2ef19]" started-at="2024-03-19T18:56:12 CDT" name="setUpClass" finished-at="2024-03-19T18:56:12 CDT" duration-ms="827" status="PASS">
          <params>
            <param index="0">
              <value>
                <![CDATA[org.testng.TestRunner@9a6fbc0]]>
              </value>
            </param>
          </params>
          <reporter-output>
          </reporter-output>
        </test-method> <!-- setUpClass -->
        <test-method signature="runScenario(io.cucumber.testng.PickleWrapper,io.cucumber.testng.FeatureWrapper)[pri:0, instance:com.automation.runners.SalesForceRunner@8f2ef19]" started-at="2024-03-19T18:56:12 CDT" name="runScenario" description="Runs Cucumber Scenarios" data-provider="scenarios" finished-at="2024-03-19T18:56:29 CDT" duration-ms="16058" status="PASS">
          <params>
            <param index="0">
              <value>
                <![CDATA["Login error message"]]>
              </value>
            </param>
            <param index="1">
              <value>
                <![CDATA["login functionality"]]>
              </value>
            </param>
          </params>
          <reporter-output>
          </reporter-output>
        </test-method> <!-- runScenario -->
        <test-method signature="runScenario(io.cucumber.testng.PickleWrapper,io.cucumber.testng.FeatureWrapper)[pri:0, instance:com.automation.runners.SalesForceRunner@8f2ef19]" started-at="2024-03-19T18:56:12 CDT" name="runScenario" description="Runs Cucumber Scenarios" data-provider="scenarios" finished-at="2024-03-19T18:56:33 CDT" duration-ms="20311" status="PASS">
          <params>
            <param index="0">
              <value>
                <![CDATA["Login successful"]]>
              </value>
            </param>
            <param index="1">
              <value>
                <![CDATA["login functionality"]]>
              </value>
            </param>
          </params>
          <reporter-output>
          </reporter-output>
        </test-method> <!-- runScenario -->
        <test-method signature="runScenario(io.cucumber.testng.PickleWrapper,io.cucumber.testng.FeatureWrapper)[pri:0, instance:com.automation.runners.SalesForceRunner@8f2ef19]" started-at="2024-03-19T18:56:12 CDT" name="runScenario" description="Runs Cucumber Scenarios" data-provider="scenarios" finished-at="2024-03-19T18:56:37 CDT" duration-ms="24780" status="PASS">
          <params>
            <param index="0">
              <value>
                <![CDATA["Login remember me"]]>
              </value>
            </param>
            <param index="1">
              <value>
                <![CDATA["login functionality"]]>
              </value>
            </param>
          </params>
          <reporter-output>
          </reporter-output>
        </test-method> <!-- runScenario -->
        <test-method is-config="true" signature="tearDownClass()[pri:0, instance:com.automation.runners.SalesForceRunner@8f2ef19]" started-at="2024-03-19T18:56:37 CDT" name="tearDownClass" finished-at="2024-03-19T18:56:37 CDT" duration-ms="113" status="PASS">
          <reporter-output>
          </reporter-output>
        </test-method> <!-- tearDownClass -->
      </class> <!-- com.automation.runners.SalesForceRunner -->
    </test> <!-- Default test -->
  </suite> <!-- Default suite -->
</testng-results>
